2018-06-11 22:50:57 [INFO]-[com.zsr.solid.SolidApplication] Starting SolidApplication on DESKTOP-EBJVN3A with PID 3964 (F:\github\solid\api\target\classes started by kevin in F:\github\solid\api)
2018-06-11 22:50:57 [INFO]-[com.zsr.solid.SolidApplication] The following profiles are active: dev
2018-06-11 22:50:57 [INFO]-[org.springframework.boot.context.embedded.AnnotationConfigEmbeddedWebApplicationContext] Refreshing org.springframework.boot.context.embedded.AnnotationConfigEmbeddedWebApplicationContext@648a08c0: startup date [Mon Jun 11 22:50:57 CST 2018]; root of context hierarchy
2018-06-11 22:50:57 [INFO]-[org.hibernate.validator.internal.util.Version] HV000001: Hibernate Validator 5.3.6.Final
2018-06-11 22:50:58 [INFO]-[org.springframework.boot.context.embedded.tomcat.TomcatEmbeddedServletContainer] Tomcat initialized with port(s): 8090 (http)
2018-06-11 22:50:58 [INFO]-[org.springframework.web.context.ContextLoader] Root WebApplicationContext: initialization completed in 1144 ms
2018-06-11 22:50:58 [INFO]-[org.springframework.boot.web.servlet.ServletRegistrationBean] Mapping servlet: 'dispatcherServlet' to [/]
2018-06-11 22:50:58 [INFO]-[org.springframework.boot.web.servlet.FilterRegistrationBean] Mapping filter: 'characterEncodingFilter' to: [/*]
2018-06-11 22:50:58 [INFO]-[org.springframework.boot.web.servlet.FilterRegistrationBean] Mapping filter: 'hiddenHttpMethodFilter' to: [/*]
2018-06-11 22:50:58 [INFO]-[org.springframework.boot.web.servlet.FilterRegistrationBean] Mapping filter: 'httpPutFormContentFilter' to: [/*]
2018-06-11 22:50:58 [INFO]-[org.springframework.boot.web.servlet.FilterRegistrationBean] Mapping filter: 'requestContextFilter' to: [/*]
2018-06-11 22:50:58 [INFO]-[org.springframework.boot.web.servlet.FilterRegistrationBean] Mapping filter: 'loginFilter' to urls: [/*]
2018-06-11 22:50:58 [INFO]-[org.springframework.boot.web.servlet.FilterRegistrationBean] Mapping filter: 'sentinel' to: [/*]
2018-06-11 22:50:58 [INFO]-[org.springframework.web.servlet.mvc.method.annotation.RequestMappingHandlerAdapter] Looking for @ControllerAdvice: org.springframework.boot.context.embedded.AnnotationConfigEmbeddedWebApplicationContext@648a08c0: startup date [Mon Jun 11 22:50:57 CST 2018]; root of context hierarchy
2018-06-11 22:50:58 [INFO]-[org.springframework.web.servlet.mvc.method.annotation.RequestMappingHandlerMapping] Mapped "{[/base/base-supplier-add]}" onto public java.lang.String com.zsr.solid.controller.BaseInfoController.base_supplier_add(java.lang.Integer,javax.servlet.http.HttpServletRequest)
2018-06-11 22:50:58 [INFO]-[org.springframework.web.servlet.mvc.method.annotation.RequestMappingHandlerMapping] Mapped "{[/base/base-receive]}" onto public java.lang.String com.zsr.solid.controller.BaseInfoController.receive()
2018-06-11 22:50:58 [INFO]-[org.springframework.web.servlet.mvc.method.annotation.RequestMappingHandlerMapping] Mapped "{[/base/base-supplier]}" onto public java.lang.String com.zsr.solid.controller.BaseInfoController.supplier()
2018-06-11 22:50:58 [INFO]-[org.springframework.web.servlet.mvc.method.annotation.RequestMappingHandlerMapping] Mapped "{[/base/base-goods]}" onto public java.lang.String com.zsr.solid.controller.BaseInfoController.goods()
2018-06-11 22:50:58 [INFO]-[org.springframework.web.servlet.mvc.method.annotation.RequestMappingHandlerMapping] Mapped "{[/base/base-fleet]}" onto public java.lang.String com.zsr.solid.controller.BaseInfoController.fleet()
2018-06-11 22:50:58 [INFO]-[org.springframework.web.servlet.mvc.method.annotation.RequestMappingHandlerMapping] Mapped "{[/base/supplier/operate]}" onto public java.lang.String com.zsr.solid.controller.BaseSupplierController.operate(com.zsr.solid.entity.BaseSupplier)
2018-06-11 22:50:58 [INFO]-[org.springframework.web.servlet.mvc.method.annotation.RequestMappingHandlerMapping] Mapped "{[/base/supplier/querySupplierList]}" onto public java.lang.String com.zsr.solid.controller.BaseSupplierController.querySupplierList(com.zsr.solid.entity.BaseSupplier)
2018-06-11 22:50:58 [INFO]-[org.springframework.web.servlet.mvc.method.annotation.RequestMappingHandlerMapping] Mapped "{[/base/supplier/editSupplier]}" onto public java.lang.String com.zsr.solid.controller.BaseSupplierController.editSupplier(com.zsr.solid.entity.BaseSupplier)
2018-06-11 22:50:58 [INFO]-[org.springframework.web.servlet.mvc.method.annotation.RequestMappingHandlerMapping] Mapped "{[/]}" onto public java.lang.String com.zsr.solid.controller.Hello.home()
2018-06-11 22:50:58 [INFO]-[org.springframework.web.servlet.mvc.method.annotation.RequestMappingHandlerMapping] Mapped "{[/login]}" onto public java.lang.String com.zsr.solid.controller.Hello.login()
2018-06-11 22:50:58 [INFO]-[org.springframework.web.servlet.mvc.method.annotation.RequestMappingHandlerMapping] Mapped "{[/welcome]}" onto public java.lang.String com.zsr.solid.controller.Hello.welcome()
2018-06-11 22:50:58 [INFO]-[org.springframework.web.servlet.mvc.method.annotation.RequestMappingHandlerMapping] Mapped "{[/error]}" onto public org.springframework.http.ResponseEntity<java.util.Map<java.lang.String, java.lang.Object>> org.springframework.boot.autoconfigure.web.BasicErrorController.error(javax.servlet.http.HttpServletRequest)
2018-06-11 22:50:58 [INFO]-[org.springframework.web.servlet.mvc.method.annotation.RequestMappingHandlerMapping] Mapped "{[/error],produces=[text/html]}" onto public org.springframework.web.servlet.ModelAndView org.springframework.boot.autoconfigure.web.BasicErrorController.errorHtml(javax.servlet.http.HttpServletRequest,javax.servlet.http.HttpServletResponse)
2018-06-11 22:50:58 [INFO]-[org.springframework.web.servlet.handler.SimpleUrlHandlerMapping] Mapped URL path [/webjars/**] onto handler of type [class org.springframework.web.servlet.resource.ResourceHttpRequestHandler]
2018-06-11 22:50:58 [INFO]-[org.springframework.web.servlet.handler.SimpleUrlHandlerMapping] Mapped URL path [/**] onto handler of type [class org.springframework.web.servlet.resource.ResourceHttpRequestHandler]
2018-06-11 22:50:58 [INFO]-[org.springframework.web.servlet.handler.SimpleUrlHandlerMapping] Mapped URL path [/**/favicon.ico] onto handler of type [class org.springframework.web.servlet.resource.ResourceHttpRequestHandler]
2018-06-11 22:50:59 [INFO]-[org.springframework.boot.devtools.autoconfigure.OptionalLiveReloadServer] LiveReload server is running on port 35729
2018-06-11 22:50:59 [INFO]-[org.springframework.jmx.export.annotation.AnnotationMBeanExporter] Registering beans for JMX exposure on startup
2018-06-11 22:50:59 [INFO]-[org.springframework.boot.context.embedded.tomcat.TomcatEmbeddedServletContainer] Tomcat started on port(s): 8090 (http)
2018-06-11 22:50:59 [INFO]-[com.zsr.solid.SolidApplication] Started SolidApplication in 2.513 seconds (JVM running for 3.031)
2018-06-11 22:51:10 [INFO]-[org.springframework.web.servlet.DispatcherServlet] FrameworkServlet 'dispatcherServlet': initialization started
2018-06-11 22:51:10 [INFO]-[org.springframework.web.servlet.DispatcherServlet] FrameworkServlet 'dispatcherServlet': initialization completed in 11 ms
2018-06-11 22:53:04 [INFO]-[com.zsr.solid.SolidApplication] Starting SolidApplication on DESKTOP-EBJVN3A with PID 21724 (F:\github\solid\api\target\classes started by kevin in F:\github\solid\api)
2018-06-11 22:53:04 [INFO]-[com.zsr.solid.SolidApplication] The following profiles are active: dev
2018-06-11 22:53:04 [INFO]-[org.springframework.boot.context.embedded.AnnotationConfigEmbeddedWebApplicationContext] Refreshing org.springframework.boot.context.embedded.AnnotationConfigEmbeddedWebApplicationContext@6e34f7d8: startup date [Mon Jun 11 22:53:04 CST 2018]; root of context hierarchy
2018-06-11 22:53:04 [INFO]-[org.hibernate.validator.internal.util.Version] HV000001: Hibernate Validator 5.3.6.Final
2018-06-11 22:53:05 [INFO]-[org.springframework.boot.context.embedded.tomcat.TomcatEmbeddedServletContainer] Tomcat initialized with port(s): 8090 (http)
2018-06-11 22:53:05 [INFO]-[org.springframework.web.context.ContextLoader] Root WebApplicationContext: initialization completed in 1045 ms
2018-06-11 22:53:05 [INFO]-[org.springframework.boot.web.servlet.ServletRegistrationBean] Mapping servlet: 'dispatcherServlet' to [/]
2018-06-11 22:53:05 [INFO]-[org.springframework.boot.web.servlet.FilterRegistrationBean] Mapping filter: 'characterEncodingFilter' to: [/*]
2018-06-11 22:53:05 [INFO]-[org.springframework.boot.web.servlet.FilterRegistrationBean] Mapping filter: 'hiddenHttpMethodFilter' to: [/*]
2018-06-11 22:53:05 [INFO]-[org.springframework.boot.web.servlet.FilterRegistrationBean] Mapping filter: 'httpPutFormContentFilter' to: [/*]
2018-06-11 22:53:05 [INFO]-[org.springframework.boot.web.servlet.FilterRegistrationBean] Mapping filter: 'requestContextFilter' to: [/*]
2018-06-11 22:53:05 [INFO]-[org.springframework.boot.web.servlet.FilterRegistrationBean] Mapping filter: 'loginFilter' to urls: [/*]
2018-06-11 22:53:05 [INFO]-[org.springframework.boot.web.servlet.FilterRegistrationBean] Mapping filter: 'sentinel' to: [/*]
2018-06-11 22:53:06 [INFO]-[org.springframework.web.servlet.mvc.method.annotation.RequestMappingHandlerAdapter] Looking for @ControllerAdvice: org.springframework.boot.context.embedded.AnnotationConfigEmbeddedWebApplicationContext@6e34f7d8: startup date [Mon Jun 11 22:53:04 CST 2018]; root of context hierarchy
2018-06-11 22:53:06 [INFO]-[org.springframework.web.servlet.mvc.method.annotation.RequestMappingHandlerMapping] Mapped "{[/base/base-supplier-add]}" onto public java.lang.String com.zsr.solid.controller.BaseInfoController.base_supplier_add(java.lang.Integer,javax.servlet.http.HttpServletRequest)
2018-06-11 22:53:06 [INFO]-[org.springframework.web.servlet.mvc.method.annotation.RequestMappingHandlerMapping] Mapped "{[/base/base-receive]}" onto public java.lang.String com.zsr.solid.controller.BaseInfoController.receive()
2018-06-11 22:53:06 [INFO]-[org.springframework.web.servlet.mvc.method.annotation.RequestMappingHandlerMapping] Mapped "{[/base/base-supplier]}" onto public java.lang.String com.zsr.solid.controller.BaseInfoController.supplier()
2018-06-11 22:53:06 [INFO]-[org.springframework.web.servlet.mvc.method.annotation.RequestMappingHandlerMapping] Mapped "{[/base/base-goods]}" onto public java.lang.String com.zsr.solid.controller.BaseInfoController.goods()
2018-06-11 22:53:06 [INFO]-[org.springframework.web.servlet.mvc.method.annotation.RequestMappingHandlerMapping] Mapped "{[/base/base-fleet]}" onto public java.lang.String com.zsr.solid.controller.BaseInfoController.fleet()
2018-06-11 22:53:06 [INFO]-[org.springframework.web.servlet.mvc.method.annotation.RequestMappingHandlerMapping] Mapped "{[/base/supplier/operate]}" onto public java.lang.String com.zsr.solid.controller.BaseSupplierController.operate(com.zsr.solid.entity.BaseSupplier)
2018-06-11 22:53:06 [INFO]-[org.springframework.web.servlet.mvc.method.annotation.RequestMappingHandlerMapping] Mapped "{[/base/supplier/querySupplierList]}" onto public java.lang.String com.zsr.solid.controller.BaseSupplierController.querySupplierList(com.zsr.solid.entity.BaseSupplier)
2018-06-11 22:53:06 [INFO]-[org.springframework.web.servlet.mvc.method.annotation.RequestMappingHandlerMapping] Mapped "{[/base/supplier/editSupplier]}" onto public java.lang.String com.zsr.solid.controller.BaseSupplierController.editSupplier(com.zsr.solid.entity.BaseSupplier)
2018-06-11 22:53:06 [INFO]-[org.springframework.web.servlet.mvc.method.annotation.RequestMappingHandlerMapping] Mapped "{[/]}" onto public java.lang.String com.zsr.solid.controller.Hello.home()
2018-06-11 22:53:06 [INFO]-[org.springframework.web.servlet.mvc.method.annotation.RequestMappingHandlerMapping] Mapped "{[/welcome]}" onto public java.lang.String com.zsr.solid.controller.Hello.welcome()
2018-06-11 22:53:06 [INFO]-[org.springframework.web.servlet.mvc.method.annotation.RequestMappingHandlerMapping] Mapped "{[/login]}" onto public java.lang.String com.zsr.solid.controller.Hello.login()
2018-06-11 22:53:06 [INFO]-[org.springframework.web.servlet.mvc.method.annotation.RequestMappingHandlerMapping] Mapped "{[/error]}" onto public org.springframework.http.ResponseEntity<java.util.Map<java.lang.String, java.lang.Object>> org.springframework.boot.autoconfigure.web.BasicErrorController.error(javax.servlet.http.HttpServletRequest)
2018-06-11 22:53:06 [INFO]-[org.springframework.web.servlet.mvc.method.annotation.RequestMappingHandlerMapping] Mapped "{[/error],produces=[text/html]}" onto public org.springframework.web.servlet.ModelAndView org.springframework.boot.autoconfigure.web.BasicErrorController.errorHtml(javax.servlet.http.HttpServletRequest,javax.servlet.http.HttpServletResponse)
2018-06-11 22:53:06 [INFO]-[org.springframework.web.servlet.handler.SimpleUrlHandlerMapping] Mapped URL path [/webjars/**] onto handler of type [class org.springframework.web.servlet.resource.ResourceHttpRequestHandler]
2018-06-11 22:53:06 [INFO]-[org.springframework.web.servlet.handler.SimpleUrlHandlerMapping] Mapped URL path [/**] onto handler of type [class org.springframework.web.servlet.resource.ResourceHttpRequestHandler]
2018-06-11 22:53:06 [INFO]-[org.springframework.web.servlet.handler.SimpleUrlHandlerMapping] Mapped URL path [/**/favicon.ico] onto handler of type [class org.springframework.web.servlet.resource.ResourceHttpRequestHandler]
2018-06-11 22:53:06 [INFO]-[org.springframework.boot.devtools.autoconfigure.OptionalLiveReloadServer] LiveReload server is running on port 35729
2018-06-11 22:53:06 [INFO]-[org.springframework.jmx.export.annotation.AnnotationMBeanExporter] Registering beans for JMX exposure on startup
2018-06-11 22:53:06 [INFO]-[org.springframework.boot.context.embedded.tomcat.TomcatEmbeddedServletContainer] Tomcat started on port(s): 8090 (http)
2018-06-11 22:53:06 [INFO]-[com.zsr.solid.SolidApplication] Started SolidApplication in 2.208 seconds (JVM running for 2.627)
2018-06-11 22:53:08 [INFO]-[org.springframework.web.servlet.DispatcherServlet] FrameworkServlet 'dispatcherServlet': initialization started
2018-06-11 22:53:08 [INFO]-[org.springframework.web.servlet.DispatcherServlet] FrameworkServlet 'dispatcherServlet': initialization completed in 14 ms
2018-06-11 22:58:04 [INFO]-[com.zsr.solid.SolidApplication] Starting SolidApplication on DESKTOP-EBJVN3A with PID 14008 (F:\github\solid\api\target\classes started by kevin in F:\github\solid\api)
2018-06-11 22:58:04 [INFO]-[com.zsr.solid.SolidApplication] The following profiles are active: dev
2018-06-11 22:58:04 [INFO]-[org.springframework.boot.context.embedded.AnnotationConfigEmbeddedWebApplicationContext] Refreshing org.springframework.boot.context.embedded.AnnotationConfigEmbeddedWebApplicationContext@5164d4d8: startup date [Mon Jun 11 22:58:04 CST 2018]; root of context hierarchy
2018-06-11 22:58:04 [INFO]-[org.hibernate.validator.internal.util.Version] HV000001: Hibernate Validator 5.3.6.Final
2018-06-11 22:58:05 [INFO]-[org.springframework.boot.context.embedded.tomcat.TomcatEmbeddedServletContainer] Tomcat initialized with port(s): 8090 (http)
2018-06-11 22:58:05 [INFO]-[org.springframework.web.context.ContextLoader] Root WebApplicationContext: initialization completed in 1072 ms
2018-06-11 22:58:05 [INFO]-[org.springframework.boot.web.servlet.ServletRegistrationBean] Mapping servlet: 'dispatcherServlet' to [/]
2018-06-11 22:58:05 [INFO]-[org.springframework.boot.web.servlet.FilterRegistrationBean] Mapping filter: 'characterEncodingFilter' to: [/*]
2018-06-11 22:58:05 [INFO]-[org.springframework.boot.web.servlet.FilterRegistrationBean] Mapping filter: 'hiddenHttpMethodFilter' to: [/*]
2018-06-11 22:58:05 [INFO]-[org.springframework.boot.web.servlet.FilterRegistrationBean] Mapping filter: 'httpPutFormContentFilter' to: [/*]
2018-06-11 22:58:05 [INFO]-[org.springframework.boot.web.servlet.FilterRegistrationBean] Mapping filter: 'requestContextFilter' to: [/*]
2018-06-11 22:58:05 [INFO]-[org.springframework.boot.web.servlet.FilterRegistrationBean] Mapping filter: 'loginFilter' to urls: [/*]
2018-06-11 22:58:05 [INFO]-[org.springframework.boot.web.servlet.FilterRegistrationBean] Mapping filter: 'sentinel' to: [/*]
2018-06-11 22:58:06 [INFO]-[org.springframework.web.servlet.mvc.method.annotation.RequestMappingHandlerAdapter] Looking for @ControllerAdvice: org.springframework.boot.context.embedded.AnnotationConfigEmbeddedWebApplicationContext@5164d4d8: startup date [Mon Jun 11 22:58:04 CST 2018]; root of context hierarchy
2018-06-11 22:58:06 [INFO]-[org.springframework.web.servlet.mvc.method.annotation.RequestMappingHandlerMapping] Mapped "{[/base/base-supplier-add]}" onto public java.lang.String com.zsr.solid.controller.BaseInfoController.base_supplier_add(java.lang.Integer,javax.servlet.http.HttpServletRequest)
2018-06-11 22:58:06 [INFO]-[org.springframework.web.servlet.mvc.method.annotation.RequestMappingHandlerMapping] Mapped "{[/base/base-supplier]}" onto public java.lang.String com.zsr.solid.controller.BaseInfoController.supplier()
2018-06-11 22:58:06 [INFO]-[org.springframework.web.servlet.mvc.method.annotation.RequestMappingHandlerMapping] Mapped "{[/base/base-receive]}" onto public java.lang.String com.zsr.solid.controller.BaseInfoController.receive()
2018-06-11 22:58:06 [INFO]-[org.springframework.web.servlet.mvc.method.annotation.RequestMappingHandlerMapping] Mapped "{[/base/base-fleet]}" onto public java.lang.String com.zsr.solid.controller.BaseInfoController.fleet()
2018-06-11 22:58:06 [INFO]-[org.springframework.web.servlet.mvc.method.annotation.RequestMappingHandlerMapping] Mapped "{[/base/base-goods]}" onto public java.lang.String com.zsr.solid.controller.BaseInfoController.goods()
2018-06-11 22:58:06 [INFO]-[org.springframework.web.servlet.mvc.method.annotation.RequestMappingHandlerMapping] Mapped "{[/base/supplier/operate]}" onto public java.lang.String com.zsr.solid.controller.BaseSupplierController.operate(com.zsr.solid.entity.BaseSupplier)
2018-06-11 22:58:06 [INFO]-[org.springframework.web.servlet.mvc.method.annotation.RequestMappingHandlerMapping] Mapped "{[/base/supplier/querySupplierList]}" onto public java.lang.String com.zsr.solid.controller.BaseSupplierController.querySupplierList(com.zsr.solid.entity.BaseSupplier)
2018-06-11 22:58:06 [INFO]-[org.springframework.web.servlet.mvc.method.annotation.RequestMappingHandlerMapping] Mapped "{[/base/supplier/editSupplier]}" onto public java.lang.String com.zsr.solid.controller.BaseSupplierController.editSupplier(com.zsr.solid.entity.BaseSupplier)
2018-06-11 22:58:06 [INFO]-[org.springframework.web.servlet.mvc.method.annotation.RequestMappingHandlerMapping] Mapped "{[/]}" onto public java.lang.String com.zsr.solid.controller.Hello.home()
2018-06-11 22:58:06 [INFO]-[org.springframework.web.servlet.mvc.method.annotation.RequestMappingHandlerMapping] Mapped "{[/welcome]}" onto public java.lang.String com.zsr.solid.controller.Hello.welcome()
2018-06-11 22:58:06 [INFO]-[org.springframework.web.servlet.mvc.method.annotation.RequestMappingHandlerMapping] Mapped "{[/login]}" onto public java.lang.String com.zsr.solid.controller.Hello.login()
2018-06-11 22:58:06 [INFO]-[org.springframework.web.servlet.mvc.method.annotation.RequestMappingHandlerMapping] Mapped "{[/error]}" onto public org.springframework.http.ResponseEntity<java.util.Map<java.lang.String, java.lang.Object>> org.springframework.boot.autoconfigure.web.BasicErrorController.error(javax.servlet.http.HttpServletRequest)
2018-06-11 22:58:06 [INFO]-[org.springframework.web.servlet.mvc.method.annotation.RequestMappingHandlerMapping] Mapped "{[/error],produces=[text/html]}" onto public org.springframework.web.servlet.ModelAndView org.springframework.boot.autoconfigure.web.BasicErrorController.errorHtml(javax.servlet.http.HttpServletRequest,javax.servlet.http.HttpServletResponse)
2018-06-11 22:58:06 [INFO]-[org.springframework.web.servlet.handler.SimpleUrlHandlerMapping] Mapped URL path [/webjars/**] onto handler of type [class org.springframework.web.servlet.resource.ResourceHttpRequestHandler]
2018-06-11 22:58:06 [INFO]-[org.springframework.web.servlet.handler.SimpleUrlHandlerMapping] Mapped URL path [/**] onto handler of type [class org.springframework.web.servlet.resource.ResourceHttpRequestHandler]
2018-06-11 22:58:06 [INFO]-[org.springframework.web.servlet.handler.SimpleUrlHandlerMapping] Mapped URL path [/**/favicon.ico] onto handler of type [class org.springframework.web.servlet.resource.ResourceHttpRequestHandler]
2018-06-11 22:58:06 [INFO]-[org.springframework.boot.devtools.autoconfigure.OptionalLiveReloadServer] LiveReload server is running on port 35729
2018-06-11 22:58:06 [INFO]-[org.springframework.jmx.export.annotation.AnnotationMBeanExporter] Registering beans for JMX exposure on startup
2018-06-11 22:58:06 [INFO]-[org.springframework.boot.context.embedded.tomcat.TomcatEmbeddedServletContainer] Tomcat started on port(s): 8090 (http)
2018-06-11 22:58:06 [INFO]-[com.zsr.solid.SolidApplication] Started SolidApplication in 2.329 seconds (JVM running for 2.926)
2018-06-11 22:58:08 [INFO]-[org.springframework.web.servlet.DispatcherServlet] FrameworkServlet 'dispatcherServlet': initialization started
2018-06-11 22:58:08 [INFO]-[org.springframework.web.servlet.DispatcherServlet] FrameworkServlet 'dispatcherServlet': initialization completed in 10 ms
2018-06-11 23:25:21 [INFO]-[com.zsr.solid.SolidApplication] Starting SolidApplication on DESKTOP-EBJVN3A with PID 21256 (F:\github\solid\api\target\classes started by kevin in F:\github\solid\api)
2018-06-11 23:25:21 [INFO]-[com.zsr.solid.SolidApplication] The following profiles are active: dev
2018-06-11 23:25:21 [INFO]-[org.springframework.boot.context.embedded.AnnotationConfigEmbeddedWebApplicationContext] Refreshing org.springframework.boot.context.embedded.AnnotationConfigEmbeddedWebApplicationContext@422b37d4: startup date [Mon Jun 11 23:25:21 CST 2018]; root of context hierarchy
2018-06-11 23:25:21 [INFO]-[org.hibernate.validator.internal.util.Version] HV000001: Hibernate Validator 5.3.6.Final
2018-06-11 23:25:22 [INFO]-[org.springframework.boot.context.embedded.tomcat.TomcatEmbeddedServletContainer] Tomcat initialized with port(s): 8090 (http)
2018-06-11 23:25:22 [INFO]-[org.springframework.web.context.ContextLoader] Root WebApplicationContext: initialization completed in 1094 ms
2018-06-11 23:25:22 [INFO]-[org.springframework.boot.web.servlet.ServletRegistrationBean] Mapping servlet: 'dispatcherServlet' to [/]
2018-06-11 23:25:22 [INFO]-[org.springframework.boot.web.servlet.FilterRegistrationBean] Mapping filter: 'characterEncodingFilter' to: [/*]
2018-06-11 23:25:22 [INFO]-[org.springframework.boot.web.servlet.FilterRegistrationBean] Mapping filter: 'hiddenHttpMethodFilter' to: [/*]
2018-06-11 23:25:22 [INFO]-[org.springframework.boot.web.servlet.FilterRegistrationBean] Mapping filter: 'httpPutFormContentFilter' to: [/*]
2018-06-11 23:25:22 [INFO]-[org.springframework.boot.web.servlet.FilterRegistrationBean] Mapping filter: 'requestContextFilter' to: [/*]
2018-06-11 23:25:22 [INFO]-[org.springframework.boot.web.servlet.FilterRegistrationBean] Mapping filter: 'loginFilter' to urls: [/*]
2018-06-11 23:25:22 [INFO]-[org.springframework.boot.web.servlet.FilterRegistrationBean] Mapping filter: 'sentinel' to: [/*]
2018-06-11 23:25:23 [INFO]-[org.springframework.web.servlet.mvc.method.annotation.RequestMappingHandlerAdapter] Looking for @ControllerAdvice: org.springframework.boot.context.embedded.AnnotationConfigEmbeddedWebApplicationContext@422b37d4: startup date [Mon Jun 11 23:25:21 CST 2018]; root of context hierarchy
2018-06-11 23:25:23 [INFO]-[org.springframework.web.servlet.mvc.method.annotation.RequestMappingHandlerMapping] Mapped "{[/base/base-supplier-add]}" onto public java.lang.String com.zsr.solid.controller.BaseInfoController.base_supplier_add(java.lang.Integer,javax.servlet.http.HttpServletRequest)
2018-06-11 23:25:23 [INFO]-[org.springframework.web.servlet.mvc.method.annotation.RequestMappingHandlerMapping] Mapped "{[/base/base-fleet]}" onto public java.lang.String com.zsr.solid.controller.BaseInfoController.fleet()
2018-06-11 23:25:23 [INFO]-[org.springframework.web.servlet.mvc.method.annotation.RequestMappingHandlerMapping] Mapped "{[/base/base-receive]}" onto public java.lang.String com.zsr.solid.controller.BaseInfoController.receive()
2018-06-11 23:25:23 [INFO]-[org.springframework.web.servlet.mvc.method.annotation.RequestMappingHandlerMapping] Mapped "{[/base/base-goods]}" onto public java.lang.String com.zsr.solid.controller.BaseInfoController.goods()
2018-06-11 23:25:23 [INFO]-[org.springframework.web.servlet.mvc.method.annotation.RequestMappingHandlerMapping] Mapped "{[/base/base-supplier]}" onto public java.lang.String com.zsr.solid.controller.BaseInfoController.supplier()
2018-06-11 23:25:23 [INFO]-[org.springframework.web.servlet.mvc.method.annotation.RequestMappingHandlerMapping] Mapped "{[/base/supplier/delete]}" onto public java.lang.String com.zsr.solid.controller.BaseSupplierController.delete(java.lang.String,java.lang.String)
2018-06-11 23:25:23 [INFO]-[org.springframework.web.servlet.mvc.method.annotation.RequestMappingHandlerMapping] Mapped "{[/base/supplier/querySupplierList]}" onto public java.lang.String com.zsr.solid.controller.BaseSupplierController.querySupplierList(com.zsr.solid.entity.BaseSupplier)
2018-06-11 23:25:23 [INFO]-[org.springframework.web.servlet.mvc.method.annotation.RequestMappingHandlerMapping] Mapped "{[/base/supplier/editSupplier]}" onto public java.lang.String com.zsr.solid.controller.BaseSupplierController.editSupplier(com.zsr.solid.entity.BaseSupplier)
2018-06-11 23:25:23 [INFO]-[org.springframework.web.servlet.mvc.method.annotation.RequestMappingHandlerMapping] Mapped "{[/base/supplier/operate]}" onto public java.lang.String com.zsr.solid.controller.BaseSupplierController.operate(com.zsr.solid.entity.BaseSupplier)
2018-06-11 23:25:23 [INFO]-[org.springframework.web.servlet.mvc.method.annotation.RequestMappingHandlerMapping] Mapped "{[/login]}" onto public java.lang.String com.zsr.solid.controller.Hello.login()
2018-06-11 23:25:23 [INFO]-[org.springframework.web.servlet.mvc.method.annotation.RequestMappingHandlerMapping] Mapped "{[/welcome]}" onto public java.lang.String com.zsr.solid.controller.Hello.welcome()
2018-06-11 23:25:23 [INFO]-[org.springframework.web.servlet.mvc.method.annotation.RequestMappingHandlerMapping] Mapped "{[/]}" onto public java.lang.String com.zsr.solid.controller.Hello.home()
2018-06-11 23:25:23 [INFO]-[org.springframework.web.servlet.mvc.method.annotation.RequestMappingHandlerMapping] Mapped "{[/error]}" onto public org.springframework.http.ResponseEntity<java.util.Map<java.lang.String, java.lang.Object>> org.springframework.boot.autoconfigure.web.BasicErrorController.error(javax.servlet.http.HttpServletRequest)
2018-06-11 23:25:23 [INFO]-[org.springframework.web.servlet.mvc.method.annotation.RequestMappingHandlerMapping] Mapped "{[/error],produces=[text/html]}" onto public org.springframework.web.servlet.ModelAndView org.springframework.boot.autoconfigure.web.BasicErrorController.errorHtml(javax.servlet.http.HttpServletRequest,javax.servlet.http.HttpServletResponse)
2018-06-11 23:25:23 [INFO]-[org.springframework.web.servlet.handler.SimpleUrlHandlerMapping] Mapped URL path [/webjars/**] onto handler of type [class org.springframework.web.servlet.resource.ResourceHttpRequestHandler]
2018-06-11 23:25:23 [INFO]-[org.springframework.web.servlet.handler.SimpleUrlHandlerMapping] Mapped URL path [/**] onto handler of type [class org.springframework.web.servlet.resource.ResourceHttpRequestHandler]
2018-06-11 23:25:23 [INFO]-[org.springframework.web.servlet.handler.SimpleUrlHandlerMapping] Mapped URL path [/**/favicon.ico] onto handler of type [class org.springframework.web.servlet.resource.ResourceHttpRequestHandler]
2018-06-11 23:25:23 [INFO]-[org.springframework.boot.devtools.autoconfigure.OptionalLiveReloadServer] LiveReload server is running on port 35729
2018-06-11 23:25:23 [INFO]-[org.springframework.jmx.export.annotation.AnnotationMBeanExporter] Registering beans for JMX exposure on startup
2018-06-11 23:25:23 [INFO]-[org.springframework.boot.context.embedded.tomcat.TomcatEmbeddedServletContainer] Tomcat started on port(s): 8090 (http)
2018-06-11 23:25:23 [INFO]-[com.zsr.solid.SolidApplication] Started SolidApplication in 2.324 seconds (JVM running for 2.743)
2018-06-11 23:25:40 [INFO]-[org.springframework.web.servlet.DispatcherServlet] FrameworkServlet 'dispatcherServlet': initialization started
2018-06-11 23:25:40 [INFO]-[org.springframework.web.servlet.DispatcherServlet] FrameworkServlet 'dispatcherServlet': initialization completed in 10 ms
2018-06-11 23:41:09 [INFO]-[com.zsr.solid.SolidApplication] Starting SolidApplication on DESKTOP-EBJVN3A with PID 21360 (F:\github\solid\api\target\classes started by kevin in F:\github\solid\api)
2018-06-11 23:41:09 [INFO]-[com.zsr.solid.SolidApplication] The following profiles are active: dev
2018-06-11 23:41:09 [INFO]-[org.springframework.boot.context.embedded.AnnotationConfigEmbeddedWebApplicationContext] Refreshing org.springframework.boot.context.embedded.AnnotationConfigEmbeddedWebApplicationContext@3e966ca0: startup date [Mon Jun 11 23:41:09 CST 2018]; root of context hierarchy
2018-06-11 23:41:09 [INFO]-[org.hibernate.validator.internal.util.Version] HV000001: Hibernate Validator 5.3.6.Final
2018-06-11 23:41:10 [INFO]-[org.springframework.boot.context.embedded.tomcat.TomcatEmbeddedServletContainer] Tomcat initialized with port(s): 8090 (http)
2018-06-11 23:41:10 [INFO]-[org.springframework.web.context.ContextLoader] Root WebApplicationContext: initialization completed in 1088 ms
2018-06-11 23:41:10 [INFO]-[org.springframework.boot.web.servlet.ServletRegistrationBean] Mapping servlet: 'dispatcherServlet' to [/]
2018-06-11 23:41:10 [INFO]-[org.springframework.boot.web.servlet.FilterRegistrationBean] Mapping filter: 'characterEncodingFilter' to: [/*]
2018-06-11 23:41:10 [INFO]-[org.springframework.boot.web.servlet.FilterRegistrationBean] Mapping filter: 'hiddenHttpMethodFilter' to: [/*]
2018-06-11 23:41:10 [INFO]-[org.springframework.boot.web.servlet.FilterRegistrationBean] Mapping filter: 'httpPutFormContentFilter' to: [/*]
2018-06-11 23:41:10 [INFO]-[org.springframework.boot.web.servlet.FilterRegistrationBean] Mapping filter: 'requestContextFilter' to: [/*]
2018-06-11 23:41:10 [INFO]-[org.springframework.boot.web.servlet.FilterRegistrationBean] Mapping filter: 'loginFilter' to urls: [/*]
2018-06-11 23:41:10 [INFO]-[org.springframework.boot.web.servlet.FilterRegistrationBean] Mapping filter: 'sentinel' to: [/*]
2018-06-11 23:41:10 [INFO]-[org.springframework.web.servlet.mvc.method.annotation.RequestMappingHandlerAdapter] Looking for @ControllerAdvice: org.springframework.boot.context.embedded.AnnotationConfigEmbeddedWebApplicationContext@3e966ca0: startup date [Mon Jun 11 23:41:09 CST 2018]; root of context hierarchy
2018-06-11 23:41:11 [INFO]-[org.springframework.web.servlet.mvc.method.annotation.RequestMappingHandlerMapping] Mapped "{[/base/base-fleet]}" onto public java.lang.String com.zsr.solid.controller.BaseInfoController.fleet()
2018-06-11 23:41:11 [INFO]-[org.springframework.web.servlet.mvc.method.annotation.RequestMappingHandlerMapping] Mapped "{[/base/base-receive]}" onto public java.lang.String com.zsr.solid.controller.BaseInfoController.receive()
2018-06-11 23:41:11 [INFO]-[org.springframework.web.servlet.mvc.method.annotation.RequestMappingHandlerMapping] Mapped "{[/base/base-goods]}" onto public java.lang.String com.zsr.solid.controller.BaseInfoController.goods()
2018-06-11 23:41:11 [INFO]-[org.springframework.web.servlet.mvc.method.annotation.RequestMappingHandlerMapping] Mapped "{[/base/base-supplier]}" onto public java.lang.String com.zsr.solid.controller.BaseInfoController.supplier()
2018-06-11 23:41:11 [INFO]-[org.springframework.web.servlet.mvc.method.annotation.RequestMappingHandlerMapping] Mapped "{[/base/base-supplier-add]}" onto public java.lang.String com.zsr.solid.controller.BaseInfoController.base_supplier_add(java.lang.Integer,javax.servlet.http.HttpServletRequest)
2018-06-11 23:41:11 [INFO]-[org.springframework.web.servlet.mvc.method.annotation.RequestMappingHandlerMapping] Mapped "{[/base/supplier/delete]}" onto public java.lang.String com.zsr.solid.controller.BaseSupplierController.delete(java.lang.String,java.lang.String)
2018-06-11 23:41:11 [INFO]-[org.springframework.web.servlet.mvc.method.annotation.RequestMappingHandlerMapping] Mapped "{[/base/supplier/editSupplier]}" onto public java.lang.String com.zsr.solid.controller.BaseSupplierController.editSupplier(com.zsr.solid.entity.BaseSupplier)
2018-06-11 23:41:11 [INFO]-[org.springframework.web.servlet.mvc.method.annotation.RequestMappingHandlerMapping] Mapped "{[/base/supplier/operate]}" onto public java.lang.String com.zsr.solid.controller.BaseSupplierController.operate(com.zsr.solid.entity.BaseSupplier)
2018-06-11 23:41:11 [INFO]-[org.springframework.web.servlet.mvc.method.annotation.RequestMappingHandlerMapping] Mapped "{[/base/supplier/querySupplierList]}" onto public java.lang.String com.zsr.solid.controller.BaseSupplierController.querySupplierList(com.zsr.solid.entity.BaseSupplier)
2018-06-11 23:41:11 [INFO]-[org.springframework.web.servlet.mvc.method.annotation.RequestMappingHandlerMapping] Mapped "{[/]}" onto public java.lang.String com.zsr.solid.controller.Hello.home()
2018-06-11 23:41:11 [INFO]-[org.springframework.web.servlet.mvc.method.annotation.RequestMappingHandlerMapping] Mapped "{[/welcome]}" onto public java.lang.String com.zsr.solid.controller.Hello.welcome()
2018-06-11 23:41:11 [INFO]-[org.springframework.web.servlet.mvc.method.annotation.RequestMappingHandlerMapping] Mapped "{[/login]}" onto public java.lang.String com.zsr.solid.controller.Hello.login()
2018-06-11 23:41:11 [INFO]-[org.springframework.web.servlet.mvc.method.annotation.RequestMappingHandlerMapping] Mapped "{[/error]}" onto public org.springframework.http.ResponseEntity<java.util.Map<java.lang.String, java.lang.Object>> org.springframework.boot.autoconfigure.web.BasicErrorController.error(javax.servlet.http.HttpServletRequest)
2018-06-11 23:41:11 [INFO]-[org.springframework.web.servlet.mvc.method.annotation.RequestMappingHandlerMapping] Mapped "{[/error],produces=[text/html]}" onto public org.springframework.web.servlet.ModelAndView org.springframework.boot.autoconfigure.web.BasicErrorController.errorHtml(javax.servlet.http.HttpServletRequest,javax.servlet.http.HttpServletResponse)
2018-06-11 23:41:11 [INFO]-[org.springframework.web.servlet.handler.SimpleUrlHandlerMapping] Mapped URL path [/webjars/**] onto handler of type [class org.springframework.web.servlet.resource.ResourceHttpRequestHandler]
2018-06-11 23:41:11 [INFO]-[org.springframework.web.servlet.handler.SimpleUrlHandlerMapping] Mapped URL path [/**] onto handler of type [class org.springframework.web.servlet.resource.ResourceHttpRequestHandler]
2018-06-11 23:41:11 [INFO]-[org.springframework.web.servlet.handler.SimpleUrlHandlerMapping] Mapped URL path [/**/favicon.ico] onto handler of type [class org.springframework.web.servlet.resource.ResourceHttpRequestHandler]
2018-06-11 23:41:11 [INFO]-[org.springframework.boot.devtools.autoconfigure.OptionalLiveReloadServer] LiveReload server is running on port 35729
2018-06-11 23:41:11 [INFO]-[org.springframework.jmx.export.annotation.AnnotationMBeanExporter] Registering beans for JMX exposure on startup
2018-06-11 23:41:11 [INFO]-[org.springframework.boot.context.embedded.tomcat.TomcatEmbeddedServletContainer] Tomcat started on port(s): 8090 (http)
2018-06-11 23:41:11 [INFO]-[com.zsr.solid.SolidApplication] Started SolidApplication in 2.279 seconds (JVM running for 2.703)
2018-06-11 23:41:21 [INFO]-[org.springframework.web.servlet.DispatcherServlet] FrameworkServlet 'dispatcherServlet': initialization started
2018-06-11 23:41:21 [INFO]-[org.springframework.web.servlet.DispatcherServlet] FrameworkServlet 'dispatcherServlet': initialization completed in 10 ms
2018-06-11 23:42:10 [INFO]-[com.zsr.solid.SolidApplication] Starting SolidApplication on DESKTOP-EBJVN3A with PID 20160 (F:\github\solid\api\target\classes started by kevin in F:\github\solid\api)
2018-06-11 23:42:10 [INFO]-[com.zsr.solid.SolidApplication] The following profiles are active: dev
2018-06-11 23:42:10 [INFO]-[org.springframework.boot.context.embedded.AnnotationConfigEmbeddedWebApplicationContext] Refreshing org.springframework.boot.context.embedded.AnnotationConfigEmbeddedWebApplicationContext@3f12fd54: startup date [Mon Jun 11 23:42:10 CST 2018]; root of context hierarchy
2018-06-11 23:42:10 [INFO]-[org.hibernate.validator.internal.util.Version] HV000001: Hibernate Validator 5.3.6.Final
2018-06-11 23:42:11 [INFO]-[org.springframework.boot.context.embedded.tomcat.TomcatEmbeddedServletContainer] Tomcat initialized with port(s): 8090 (http)
2018-06-11 23:42:11 [INFO]-[org.springframework.web.context.ContextLoader] Root WebApplicationContext: initialization completed in 1046 ms
2018-06-11 23:42:11 [INFO]-[org.springframework.boot.web.servlet.ServletRegistrationBean] Mapping servlet: 'dispatcherServlet' to [/]
2018-06-11 23:42:11 [INFO]-[org.springframework.boot.web.servlet.FilterRegistrationBean] Mapping filter: 'characterEncodingFilter' to: [/*]
2018-06-11 23:42:11 [INFO]-[org.springframework.boot.web.servlet.FilterRegistrationBean] Mapping filter: 'hiddenHttpMethodFilter' to: [/*]
2018-06-11 23:42:11 [INFO]-[org.springframework.boot.web.servlet.FilterRegistrationBean] Mapping filter: 'httpPutFormContentFilter' to: [/*]
2018-06-11 23:42:11 [INFO]-[org.springframework.boot.web.servlet.FilterRegistrationBean] Mapping filter: 'requestContextFilter' to: [/*]
2018-06-11 23:42:11 [INFO]-[org.springframework.boot.web.servlet.FilterRegistrationBean] Mapping filter: 'loginFilter' to urls: [/*]
2018-06-11 23:42:11 [INFO]-[org.springframework.boot.web.servlet.FilterRegistrationBean] Mapping filter: 'sentinel' to: [/*]
2018-06-11 23:42:12 [INFO]-[org.springframework.web.servlet.mvc.method.annotation.RequestMappingHandlerAdapter] Looking for @ControllerAdvice: org.springframework.boot.context.embedded.AnnotationConfigEmbeddedWebApplicationContext@3f12fd54: startup date [Mon Jun 11 23:42:10 CST 2018]; root of context hierarchy
2018-06-11 23:42:12 [INFO]-[org.springframework.web.servlet.mvc.method.annotation.RequestMappingHandlerMapping] Mapped "{[/base/base-fleet]}" onto public java.lang.String com.zsr.solid.controller.BaseInfoController.fleet()
2018-06-11 23:42:12 [INFO]-[org.springframework.web.servlet.mvc.method.annotation.RequestMappingHandlerMapping] Mapped "{[/base/base-goods]}" onto public java.lang.String com.zsr.solid.controller.BaseInfoController.goods()
2018-06-11 23:42:12 [INFO]-[org.springframework.web.servlet.mvc.method.annotation.RequestMappingHandlerMapping] Mapped "{[/base/base-receive]}" onto public java.lang.String com.zsr.solid.controller.BaseInfoController.receive()
2018-06-11 23:42:12 [INFO]-[org.springframework.web.servlet.mvc.method.annotation.RequestMappingHandlerMapping] Mapped "{[/base/base-supplier]}" onto public java.lang.String com.zsr.solid.controller.BaseInfoController.supplier()
2018-06-11 23:42:12 [INFO]-[org.springframework.web.servlet.mvc.method.annotation.RequestMappingHandlerMapping] Mapped "{[/base/base-supplier-add]}" onto public java.lang.String com.zsr.solid.controller.BaseInfoController.base_supplier_add(java.lang.Integer,javax.servlet.http.HttpServletRequest)
2018-06-11 23:42:12 [INFO]-[org.springframework.web.servlet.mvc.method.annotation.RequestMappingHandlerMapping] Mapped "{[/base/supplier/delete]}" onto public java.lang.String com.zsr.solid.controller.BaseSupplierController.delete(java.lang.String,java.lang.String)
2018-06-11 23:42:12 [INFO]-[org.springframework.web.servlet.mvc.method.annotation.RequestMappingHandlerMapping] Mapped "{[/base/supplier/operate]}" onto public java.lang.String com.zsr.solid.controller.BaseSupplierController.operate(com.zsr.solid.entity.BaseSupplier)
2018-06-11 23:42:12 [INFO]-[org.springframework.web.servlet.mvc.method.annotation.RequestMappingHandlerMapping] Mapped "{[/base/supplier/editSupplier]}" onto public java.lang.String com.zsr.solid.controller.BaseSupplierController.editSupplier(com.zsr.solid.entity.BaseSupplier)
2018-06-11 23:42:12 [INFO]-[org.springframework.web.servlet.mvc.method.annotation.RequestMappingHandlerMapping] Mapped "{[/base/supplier/querySupplierList]}" onto public java.lang.String com.zsr.solid.controller.BaseSupplierController.querySupplierList(com.zsr.solid.entity.BaseSupplier)
2018-06-11 23:42:12 [INFO]-[org.springframework.web.servlet.mvc.method.annotation.RequestMappingHandlerMapping] Mapped "{[/login]}" onto public java.lang.String com.zsr.solid.controller.Hello.login()
2018-06-11 23:42:12 [INFO]-[org.springframework.web.servlet.mvc.method.annotation.RequestMappingHandlerMapping] Mapped "{[/welcome]}" onto public java.lang.String com.zsr.solid.controller.Hello.welcome()
2018-06-11 23:42:12 [INFO]-[org.springframework.web.servlet.mvc.method.annotation.RequestMappingHandlerMapping] Mapped "{[/]}" onto public java.lang.String com.zsr.solid.controller.Hello.home()
2018-06-11 23:42:12 [INFO]-[org.springframework.web.servlet.mvc.method.annotation.RequestMappingHandlerMapping] Mapped "{[/error]}" onto public org.springframework.http.ResponseEntity<java.util.Map<java.lang.String, java.lang.Object>> org.springframework.boot.autoconfigure.web.BasicErrorController.error(javax.servlet.http.HttpServletRequest)
2018-06-11 23:42:12 [INFO]-[org.springframework.web.servlet.mvc.method.annotation.RequestMappingHandlerMapping] Mapped "{[/error],produces=[text/html]}" onto public org.springframework.web.servlet.ModelAndView org.springframework.boot.autoconfigure.web.BasicErrorController.errorHtml(javax.servlet.http.HttpServletRequest,javax.servlet.http.HttpServletResponse)
2018-06-11 23:42:12 [INFO]-[org.springframework.web.servlet.handler.SimpleUrlHandlerMapping] Mapped URL path [/webjars/**] onto handler of type [class org.springframework.web.servlet.resource.ResourceHttpRequestHandler]
2018-06-11 23:42:12 [INFO]-[org.springframework.web.servlet.handler.SimpleUrlHandlerMapping] Mapped URL path [/**] onto handler of type [class org.springframework.web.servlet.resource.ResourceHttpRequestHandler]
2018-06-11 23:42:12 [INFO]-[org.springframework.web.servlet.handler.SimpleUrlHandlerMapping] Mapped URL path [/**/favicon.ico] onto handler of type [class org.springframework.web.servlet.resource.ResourceHttpRequestHandler]
2018-06-11 23:42:12 [INFO]-[org.springframework.boot.devtools.autoconfigure.OptionalLiveReloadServer] LiveReload server is running on port 35729
2018-06-11 23:42:12 [INFO]-[org.springframework.jmx.export.annotation.AnnotationMBeanExporter] Registering beans for JMX exposure on startup
2018-06-11 23:42:12 [INFO]-[org.springframework.boot.context.embedded.tomcat.TomcatEmbeddedServletContainer] Tomcat started on port(s): 8090 (http)
2018-06-11 23:42:12 [INFO]-[com.zsr.solid.SolidApplication] Started SolidApplication in 2.23 seconds (JVM running for 2.671)
2018-06-11 23:42:18 [INFO]-[org.springframework.web.servlet.DispatcherServlet] FrameworkServlet 'dispatcherServlet': initialization started
2018-06-11 23:42:18 [INFO]-[org.springframework.web.servlet.DispatcherServlet] FrameworkServlet 'dispatcherServlet': initialization completed in 10 ms
2018-06-11 23:46:06 [INFO]-[com.zsr.solid.SolidApplication] Starting SolidApplication on DESKTOP-EBJVN3A with PID 20648 (F:\github\solid\api\target\classes started by kevin in F:\github\solid\api)
2018-06-11 23:46:06 [INFO]-[com.zsr.solid.SolidApplication] The following profiles are active: dev
2018-06-11 23:46:06 [INFO]-[org.springframework.boot.context.embedded.AnnotationConfigEmbeddedWebApplicationContext] Refreshing org.springframework.boot.context.embedded.AnnotationConfigEmbeddedWebApplicationContext@40aecef0: startup date [Mon Jun 11 23:46:06 CST 2018]; root of context hierarchy
2018-06-11 23:46:06 [INFO]-[org.hibernate.validator.internal.util.Version] HV000001: Hibernate Validator 5.3.6.Final
2018-06-11 23:46:07 [INFO]-[org.springframework.boot.context.embedded.tomcat.TomcatEmbeddedServletContainer] Tomcat initialized with port(s): 8090 (http)
2018-06-11 23:46:07 [INFO]-[org.springframework.web.context.ContextLoader] Root WebApplicationContext: initialization completed in 1095 ms
2018-06-11 23:46:07 [INFO]-[org.springframework.boot.web.servlet.ServletRegistrationBean] Mapping servlet: 'dispatcherServlet' to [/]
2018-06-11 23:46:07 [INFO]-[org.springframework.boot.web.servlet.FilterRegistrationBean] Mapping filter: 'characterEncodingFilter' to: [/*]
2018-06-11 23:46:07 [INFO]-[org.springframework.boot.web.servlet.FilterRegistrationBean] Mapping filter: 'hiddenHttpMethodFilter' to: [/*]
2018-06-11 23:46:07 [INFO]-[org.springframework.boot.web.servlet.FilterRegistrationBean] Mapping filter: 'httpPutFormContentFilter' to: [/*]
2018-06-11 23:46:07 [INFO]-[org.springframework.boot.web.servlet.FilterRegistrationBean] Mapping filter: 'requestContextFilter' to: [/*]
2018-06-11 23:46:07 [INFO]-[org.springframework.boot.web.servlet.FilterRegistrationBean] Mapping filter: 'loginFilter' to urls: [/*]
2018-06-11 23:46:07 [INFO]-[org.springframework.boot.web.servlet.FilterRegistrationBean] Mapping filter: 'sentinel' to: [/*]
2018-06-11 23:46:08 [INFO]-[org.springframework.web.servlet.mvc.method.annotation.RequestMappingHandlerAdapter] Looking for @ControllerAdvice: org.springframework.boot.context.embedded.AnnotationConfigEmbeddedWebApplicationContext@40aecef0: startup date [Mon Jun 11 23:46:06 CST 2018]; root of context hierarchy
2018-06-11 23:46:08 [INFO]-[org.springframework.web.servlet.mvc.method.annotation.RequestMappingHandlerMapping] Mapped "{[/base/base-receive]}" onto public java.lang.String com.zsr.solid.controller.BaseInfoController.receive()
2018-06-11 23:46:08 [INFO]-[org.springframework.web.servlet.mvc.method.annotation.RequestMappingHandlerMapping] Mapped "{[/base/base-supplier]}" onto public java.lang.String com.zsr.solid.controller.BaseInfoController.supplier()
2018-06-11 23:46:08 [INFO]-[org.springframework.web.servlet.mvc.method.annotation.RequestMappingHandlerMapping] Mapped "{[/base/base-goods]}" onto public java.lang.String com.zsr.solid.controller.BaseInfoController.goods()
2018-06-11 23:46:08 [INFO]-[org.springframework.web.servlet.mvc.method.annotation.RequestMappingHandlerMapping] Mapped "{[/base/base-fleet]}" onto public java.lang.String com.zsr.solid.controller.BaseInfoController.fleet()
2018-06-11 23:46:08 [INFO]-[org.springframework.web.servlet.mvc.method.annotation.RequestMappingHandlerMapping] Mapped "{[/base/base-supplier-add]}" onto public java.lang.String com.zsr.solid.controller.BaseInfoController.base_supplier_add(java.lang.Integer,javax.servlet.http.HttpServletRequest)
2018-06-11 23:46:08 [INFO]-[org.springframework.web.servlet.mvc.method.annotation.RequestMappingHandlerMapping] Mapped "{[/base/supplier/delete]}" onto public java.lang.String com.zsr.solid.controller.BaseSupplierController.delete(java.lang.String,java.lang.String)
2018-06-11 23:46:08 [INFO]-[org.springframework.web.servlet.mvc.method.annotation.RequestMappingHandlerMapping] Mapped "{[/base/supplier/operate]}" onto public java.lang.String com.zsr.solid.controller.BaseSupplierController.operate(com.zsr.solid.entity.BaseSupplier)
2018-06-11 23:46:08 [INFO]-[org.springframework.web.servlet.mvc.method.annotation.RequestMappingHandlerMapping] Mapped "{[/base/supplier/editSupplier]}" onto public java.lang.String com.zsr.solid.controller.BaseSupplierController.editSupplier(com.zsr.solid.entity.BaseSupplier)
2018-06-11 23:46:08 [INFO]-[org.springframework.web.servlet.mvc.method.annotation.RequestMappingHandlerMapping] Mapped "{[/base/supplier/querySupplierList]}" onto public java.lang.String com.zsr.solid.controller.BaseSupplierController.querySupplierList(com.zsr.solid.entity.BaseSupplier)
2018-06-11 23:46:08 [INFO]-[org.springframework.web.servlet.mvc.method.annotation.RequestMappingHandlerMapping] Mapped "{[/]}" onto public java.lang.String com.zsr.solid.controller.Hello.home()
2018-06-11 23:46:08 [INFO]-[org.springframework.web.servlet.mvc.method.annotation.RequestMappingHandlerMapping] Mapped "{[/login]}" onto public java.lang.String com.zsr.solid.controller.Hello.login()
2018-06-11 23:46:08 [INFO]-[org.springframework.web.servlet.mvc.method.annotation.RequestMappingHandlerMapping] Mapped "{[/welcome]}" onto public java.lang.String com.zsr.solid.controller.Hello.welcome()
2018-06-11 23:46:08 [INFO]-[org.springframework.web.servlet.mvc.method.annotation.RequestMappingHandlerMapping] Mapped "{[/error]}" onto public org.springframework.http.ResponseEntity<java.util.Map<java.lang.String, java.lang.Object>> org.springframework.boot.autoconfigure.web.BasicErrorController.error(javax.servlet.http.HttpServletRequest)
2018-06-11 23:46:08 [INFO]-[org.springframework.web.servlet.mvc.method.annotation.RequestMappingHandlerMapping] Mapped "{[/error],produces=[text/html]}" onto public org.springframework.web.servlet.ModelAndView org.springframework.boot.autoconfigure.web.BasicErrorController.errorHtml(javax.servlet.http.HttpServletRequest,javax.servlet.http.HttpServletResponse)
2018-06-11 23:46:08 [INFO]-[org.springframework.web.servlet.handler.SimpleUrlHandlerMapping] Mapped URL path [/webjars/**] onto handler of type [class org.springframework.web.servlet.resource.ResourceHttpRequestHandler]
2018-06-11 23:46:08 [INFO]-[org.springframework.web.servlet.handler.SimpleUrlHandlerMapping] Mapped URL path [/**] onto handler of type [class org.springframework.web.servlet.resource.ResourceHttpRequestHandler]
2018-06-11 23:46:08 [INFO]-[org.springframework.web.servlet.handler.SimpleUrlHandlerMapping] Mapped URL path [/**/favicon.ico] onto handler of type [class org.springframework.web.servlet.resource.ResourceHttpRequestHandler]
2018-06-11 23:46:08 [INFO]-[org.springframework.boot.devtools.autoconfigure.OptionalLiveReloadServer] LiveReload server is running on port 35729
2018-06-11 23:46:08 [INFO]-[org.springframework.jmx.export.annotation.AnnotationMBeanExporter] Registering beans for JMX exposure on startup
2018-06-11 23:46:08 [INFO]-[org.springframework.boot.context.embedded.tomcat.TomcatEmbeddedServletContainer] Tomcat started on port(s): 8090 (http)
2018-06-11 23:46:08 [INFO]-[com.zsr.solid.SolidApplication] Started SolidApplication in 2.291 seconds (JVM running for 2.719)
2018-06-11 23:46:12 [INFO]-[org.springframework.web.servlet.DispatcherServlet] FrameworkServlet 'dispatcherServlet': initialization started
2018-06-11 23:46:12 [INFO]-[org.springframework.web.servlet.DispatcherServlet] FrameworkServlet 'dispatcherServlet': initialization completed in 9 ms
2018-06-11 23:47:21 [INFO]-[com.zsr.solid.SolidApplication] Starting SolidApplication on DESKTOP-EBJVN3A with PID 8464 (F:\github\solid\api\target\classes started by kevin in F:\github\solid\api)
2018-06-11 23:47:21 [INFO]-[com.zsr.solid.SolidApplication] The following profiles are active: dev
2018-06-11 23:47:21 [INFO]-[org.springframework.boot.context.embedded.AnnotationConfigEmbeddedWebApplicationContext] Refreshing org.springframework.boot.context.embedded.AnnotationConfigEmbeddedWebApplicationContext@3f12fd54: startup date [Mon Jun 11 23:47:21 CST 2018]; root of context hierarchy
2018-06-11 23:47:21 [INFO]-[org.hibernate.validator.internal.util.Version] HV000001: Hibernate Validator 5.3.6.Final
2018-06-11 23:47:22 [INFO]-[org.springframework.boot.context.embedded.tomcat.TomcatEmbeddedServletContainer] Tomcat initialized with port(s): 8090 (http)
2018-06-11 23:47:22 [INFO]-[org.springframework.web.context.ContextLoader] Root WebApplicationContext: initialization completed in 1110 ms
2018-06-11 23:47:23 [INFO]-[org.springframework.boot.web.servlet.ServletRegistrationBean] Mapping servlet: 'dispatcherServlet' to [/]
2018-06-11 23:47:23 [INFO]-[org.springframework.boot.web.servlet.FilterRegistrationBean] Mapping filter: 'characterEncodingFilter' to: [/*]
2018-06-11 23:47:23 [INFO]-[org.springframework.boot.web.servlet.FilterRegistrationBean] Mapping filter: 'hiddenHttpMethodFilter' to: [/*]
2018-06-11 23:47:23 [INFO]-[org.springframework.boot.web.servlet.FilterRegistrationBean] Mapping filter: 'httpPutFormContentFilter' to: [/*]
2018-06-11 23:47:23 [INFO]-[org.springframework.boot.web.servlet.FilterRegistrationBean] Mapping filter: 'requestContextFilter' to: [/*]
2018-06-11 23:47:23 [INFO]-[org.springframework.boot.web.servlet.FilterRegistrationBean] Mapping filter: 'loginFilter' to urls: [/*]
2018-06-11 23:47:23 [INFO]-[org.springframework.boot.web.servlet.FilterRegistrationBean] Mapping filter: 'sentinel' to: [/*]
2018-06-11 23:47:23 [INFO]-[org.springframework.web.servlet.mvc.method.annotation.RequestMappingHandlerAdapter] Looking for @ControllerAdvice: org.springframework.boot.context.embedded.AnnotationConfigEmbeddedWebApplicationContext@3f12fd54: startup date [Mon Jun 11 23:47:21 CST 2018]; root of context hierarchy
2018-06-11 23:47:23 [INFO]-[org.springframework.web.servlet.mvc.method.annotation.RequestMappingHandlerMapping] Mapped "{[/base/base-fleet]}" onto public java.lang.String com.zsr.solid.controller.BaseInfoController.fleet()
2018-06-11 23:47:23 [INFO]-[org.springframework.web.servlet.mvc.method.annotation.RequestMappingHandlerMapping] Mapped "{[/base/base-receive]}" onto public java.lang.String com.zsr.solid.controller.BaseInfoController.receive()
2018-06-11 23:47:23 [INFO]-[org.springframework.web.servlet.mvc.method.annotation.RequestMappingHandlerMapping] Mapped "{[/base/base-supplier]}" onto public java.lang.String com.zsr.solid.controller.BaseInfoController.supplier()
2018-06-11 23:47:23 [INFO]-[org.springframework.web.servlet.mvc.method.annotation.RequestMappingHandlerMapping] Mapped "{[/base/base-goods]}" onto public java.lang.String com.zsr.solid.controller.BaseInfoController.goods()
2018-06-11 23:47:23 [INFO]-[org.springframework.web.servlet.mvc.method.annotation.RequestMappingHandlerMapping] Mapped "{[/base/base-supplier-add]}" onto public java.lang.String com.zsr.solid.controller.BaseInfoController.base_supplier_add(java.lang.Integer,javax.servlet.http.HttpServletRequest)
2018-06-11 23:47:23 [INFO]-[org.springframework.web.servlet.mvc.method.annotation.RequestMappingHandlerMapping] Mapped "{[/base/supplier/delete]}" onto public java.lang.String com.zsr.solid.controller.BaseSupplierController.delete(java.lang.String,java.lang.String)
2018-06-11 23:47:23 [INFO]-[org.springframework.web.servlet.mvc.method.annotation.RequestMappingHandlerMapping] Mapped "{[/base/supplier/operate]}" onto public java.lang.String com.zsr.solid.controller.BaseSupplierController.operate(com.zsr.solid.entity.BaseSupplier)
2018-06-11 23:47:23 [INFO]-[org.springframework.web.servlet.mvc.method.annotation.RequestMappingHandlerMapping] Mapped "{[/base/supplier/editSupplier]}" onto public java.lang.String com.zsr.solid.controller.BaseSupplierController.editSupplier(com.zsr.solid.entity.BaseSupplier)
2018-06-11 23:47:23 [INFO]-[org.springframework.web.servlet.mvc.method.annotation.RequestMappingHandlerMapping] Mapped "{[/base/supplier/querySupplierList]}" onto public java.lang.String com.zsr.solid.controller.BaseSupplierController.querySupplierList(com.zsr.solid.entity.BaseSupplier)
2018-06-11 23:47:23 [INFO]-[org.springframework.web.servlet.mvc.method.annotation.RequestMappingHandlerMapping] Mapped "{[/]}" onto public java.lang.String com.zsr.solid.controller.Hello.home()
2018-06-11 23:47:23 [INFO]-[org.springframework.web.servlet.mvc.method.annotation.RequestMappingHandlerMapping] Mapped "{[/login]}" onto public java.lang.String com.zsr.solid.controller.Hello.login()
2018-06-11 23:47:23 [INFO]-[org.springframework.web.servlet.mvc.method.annotation.RequestMappingHandlerMapping] Mapped "{[/welcome]}" onto public java.lang.String com.zsr.solid.controller.Hello.welcome()
2018-06-11 23:47:23 [INFO]-[org.springframework.web.servlet.mvc.method.annotation.RequestMappingHandlerMapping] Mapped "{[/error]}" onto public org.springframework.http.ResponseEntity<java.util.Map<java.lang.String, java.lang.Object>> org.springframework.boot.autoconfigure.web.BasicErrorController.error(javax.servlet.http.HttpServletRequest)
2018-06-11 23:47:23 [INFO]-[org.springframework.web.servlet.mvc.method.annotation.RequestMappingHandlerMapping] Mapped "{[/error],produces=[text/html]}" onto public org.springframework.web.servlet.ModelAndView org.springframework.boot.autoconfigure.web.BasicErrorController.errorHtml(javax.servlet.http.HttpServletRequest,javax.servlet.http.HttpServletResponse)
2018-06-11 23:47:23 [INFO]-[org.springframework.web.servlet.handler.SimpleUrlHandlerMapping] Mapped URL path [/webjars/**] onto handler of type [class org.springframework.web.servlet.resource.ResourceHttpRequestHandler]
2018-06-11 23:47:23 [INFO]-[org.springframework.web.servlet.handler.SimpleUrlHandlerMapping] Mapped URL path [/**] onto handler of type [class org.springframework.web.servlet.resource.ResourceHttpRequestHandler]
2018-06-11 23:47:23 [INFO]-[org.springframework.web.servlet.handler.SimpleUrlHandlerMapping] Mapped URL path [/**/favicon.ico] onto handler of type [class org.springframework.web.servlet.resource.ResourceHttpRequestHandler]
2018-06-11 23:47:23 [INFO]-[org.springframework.boot.devtools.autoconfigure.OptionalLiveReloadServer] LiveReload server is running on port 35729
2018-06-11 23:47:23 [INFO]-[org.springframework.jmx.export.annotation.AnnotationMBeanExporter] Registering beans for JMX exposure on startup
2018-06-11 23:47:23 [INFO]-[org.springframework.boot.context.embedded.tomcat.TomcatEmbeddedServletContainer] Tomcat started on port(s): 8090 (http)
2018-06-11 23:47:23 [INFO]-[com.zsr.solid.SolidApplication] Started SolidApplication in 2.287 seconds (JVM running for 2.702)
2018-06-11 23:47:27 [INFO]-[org.springframework.web.servlet.DispatcherServlet] FrameworkServlet 'dispatcherServlet': initialization started
2018-06-11 23:47:27 [INFO]-[org.springframework.web.servlet.DispatcherServlet] FrameworkServlet 'dispatcherServlet': initialization completed in 11 ms
2018-06-11 23:48:30 [INFO]-[org.springframework.beans.factory.xml.XmlBeanDefinitionReader] Loading XML bean definitions from class path resource [org/springframework/jdbc/support/sql-error-codes.xml]
2018-06-11 23:48:30 [INFO]-[org.springframework.jdbc.support.SQLErrorCodesFactory] SQLErrorCodes loaded: [DB2, Derby, H2, HSQL, Informix, MS-SQL, MySQL, Oracle, PostgreSQL, Sybase, Hana]
2018-06-11 23:51:17 [INFO]-[com.zsr.solid.SolidApplication] Starting SolidApplication on DESKTOP-EBJVN3A with PID 20200 (F:\github\solid\api\target\classes started by kevin in F:\github\solid\api)
2018-06-11 23:51:17 [INFO]-[com.zsr.solid.SolidApplication] The following profiles are active: dev
2018-06-11 23:51:17 [INFO]-[org.springframework.boot.context.embedded.AnnotationConfigEmbeddedWebApplicationContext] Refreshing org.springframework.boot.context.embedded.AnnotationConfigEmbeddedWebApplicationContext@6e34f7d8: startup date [Mon Jun 11 23:51:17 CST 2018]; root of context hierarchy
2018-06-11 23:51:17 [INFO]-[org.hibernate.validator.internal.util.Version] HV000001: Hibernate Validator 5.3.6.Final
2018-06-11 23:51:18 [INFO]-[org.springframework.boot.context.embedded.tomcat.TomcatEmbeddedServletContainer] Tomcat initialized with port(s): 8090 (http)
2018-06-11 23:51:18 [INFO]-[org.springframework.web.context.ContextLoader] Root WebApplicationContext: initialization completed in 1105 ms
2018-06-11 23:51:18 [INFO]-[org.springframework.boot.web.servlet.ServletRegistrationBean] Mapping servlet: 'dispatcherServlet' to [/]
2018-06-11 23:51:18 [INFO]-[org.springframework.boot.web.servlet.FilterRegistrationBean] Mapping filter: 'characterEncodingFilter' to: [/*]
2018-06-11 23:51:18 [INFO]-[org.springframework.boot.web.servlet.FilterRegistrationBean] Mapping filter: 'hiddenHttpMethodFilter' to: [/*]
2018-06-11 23:51:18 [INFO]-[org.springframework.boot.web.servlet.FilterRegistrationBean] Mapping filter: 'httpPutFormContentFilter' to: [/*]
2018-06-11 23:51:18 [INFO]-[org.springframework.boot.web.servlet.FilterRegistrationBean] Mapping filter: 'requestContextFilter' to: [/*]
2018-06-11 23:51:18 [INFO]-[org.springframework.boot.web.servlet.FilterRegistrationBean] Mapping filter: 'loginFilter' to urls: [/*]
2018-06-11 23:51:18 [INFO]-[org.springframework.boot.web.servlet.FilterRegistrationBean] Mapping filter: 'sentinel' to: [/*]
2018-06-11 23:51:19 [INFO]-[org.springframework.web.servlet.mvc.method.annotation.RequestMappingHandlerAdapter] Looking for @ControllerAdvice: org.springframework.boot.context.embedded.AnnotationConfigEmbeddedWebApplicationContext@6e34f7d8: startup date [Mon Jun 11 23:51:17 CST 2018]; root of context hierarchy
2018-06-11 23:51:19 [INFO]-[org.springframework.web.servlet.mvc.method.annotation.RequestMappingHandlerMapping] Mapped "{[/base/base-supplier]}" onto public java.lang.String com.zsr.solid.controller.BaseInfoController.supplier()
2018-06-11 23:51:19 [INFO]-[org.springframework.web.servlet.mvc.method.annotation.RequestMappingHandlerMapping] Mapped "{[/base/base-receive]}" onto public java.lang.String com.zsr.solid.controller.BaseInfoController.receive()
2018-06-11 23:51:19 [INFO]-[org.springframework.web.servlet.mvc.method.annotation.RequestMappingHandlerMapping] Mapped "{[/base/base-fleet]}" onto public java.lang.String com.zsr.solid.controller.BaseInfoController.fleet()
2018-06-11 23:51:19 [INFO]-[org.springframework.web.servlet.mvc.method.annotation.RequestMappingHandlerMapping] Mapped "{[/base/base-goods]}" onto public java.lang.String com.zsr.solid.controller.BaseInfoController.goods()
2018-06-11 23:51:19 [INFO]-[org.springframework.web.servlet.mvc.method.annotation.RequestMappingHandlerMapping] Mapped "{[/base/base-supplier-add]}" onto public java.lang.String com.zsr.solid.controller.BaseInfoController.base_supplier_add(java.lang.Integer,javax.servlet.http.HttpServletRequest)
2018-06-11 23:51:19 [INFO]-[org.springframework.web.servlet.mvc.method.annotation.RequestMappingHandlerMapping] Mapped "{[/base/supplier/delete]}" onto public java.lang.String com.zsr.solid.controller.BaseSupplierController.delete(java.lang.String,java.lang.String)
2018-06-11 23:51:19 [INFO]-[org.springframework.web.servlet.mvc.method.annotation.RequestMappingHandlerMapping] Mapped "{[/base/supplier/editSupplier]}" onto public java.lang.String com.zsr.solid.controller.BaseSupplierController.editSupplier(com.zsr.solid.entity.BaseSupplier)
2018-06-11 23:51:19 [INFO]-[org.springframework.web.servlet.mvc.method.annotation.RequestMappingHandlerMapping] Mapped "{[/base/supplier/operate]}" onto public java.lang.String com.zsr.solid.controller.BaseSupplierController.operate(com.zsr.solid.entity.BaseSupplier)
2018-06-11 23:51:19 [INFO]-[org.springframework.web.servlet.mvc.method.annotation.RequestMappingHandlerMapping] Mapped "{[/base/supplier/querySupplierList]}" onto public java.lang.String com.zsr.solid.controller.BaseSupplierController.querySupplierList(com.zsr.solid.entity.BaseSupplier)
2018-06-11 23:51:19 [INFO]-[org.springframework.web.servlet.mvc.method.annotation.RequestMappingHandlerMapping] Mapped "{[/welcome]}" onto public java.lang.String com.zsr.solid.controller.Hello.welcome()
2018-06-11 23:51:19 [INFO]-[org.springframework.web.servlet.mvc.method.annotation.RequestMappingHandlerMapping] Mapped "{[/login]}" onto public java.lang.String com.zsr.solid.controller.Hello.login()
2018-06-11 23:51:19 [INFO]-[org.springframework.web.servlet.mvc.method.annotation.RequestMappingHandlerMapping] Mapped "{[/]}" onto public java.lang.String com.zsr.solid.controller.Hello.home()
2018-06-11 23:51:19 [INFO]-[org.springframework.web.servlet.mvc.method.annotation.RequestMappingHandlerMapping] Mapped "{[/error]}" onto public org.springframework.http.ResponseEntity<java.util.Map<java.lang.String, java.lang.Object>> org.springframework.boot.autoconfigure.web.BasicErrorController.error(javax.servlet.http.HttpServletRequest)
2018-06-11 23:51:19 [INFO]-[org.springframework.web.servlet.mvc.method.annotation.RequestMappingHandlerMapping] Mapped "{[/error],produces=[text/html]}" onto public org.springframework.web.servlet.ModelAndView org.springframework.boot.autoconfigure.web.BasicErrorController.errorHtml(javax.servlet.http.HttpServletRequest,javax.servlet.http.HttpServletResponse)
2018-06-11 23:51:19 [INFO]-[org.springframework.web.servlet.handler.SimpleUrlHandlerMapping] Mapped URL path [/webjars/**] onto handler of type [class org.springframework.web.servlet.resource.ResourceHttpRequestHandler]
2018-06-11 23:51:19 [INFO]-[org.springframework.web.servlet.handler.SimpleUrlHandlerMapping] Mapped URL path [/**] onto handler of type [class org.springframework.web.servlet.resource.ResourceHttpRequestHandler]
2018-06-11 23:51:19 [INFO]-[org.springframework.web.servlet.handler.SimpleUrlHandlerMapping] Mapped URL path [/**/favicon.ico] onto handler of type [class org.springframework.web.servlet.resource.ResourceHttpRequestHandler]
2018-06-11 23:51:19 [INFO]-[org.springframework.boot.devtools.autoconfigure.OptionalLiveReloadServer] LiveReload server is running on port 35729
2018-06-11 23:51:19 [INFO]-[org.springframework.jmx.export.annotation.AnnotationMBeanExporter] Registering beans for JMX exposure on startup
2018-06-11 23:51:19 [INFO]-[org.springframework.boot.context.embedded.tomcat.TomcatEmbeddedServletContainer] Tomcat started on port(s): 8090 (http)
2018-06-11 23:51:19 [INFO]-[com.zsr.solid.SolidApplication] Started SolidApplication in 2.278 seconds (JVM running for 2.699)
2018-06-11 23:51:24 [INFO]-[org.springframework.web.servlet.DispatcherServlet] FrameworkServlet 'dispatcherServlet': initialization started
2018-06-11 23:51:24 [INFO]-[org.springframework.web.servlet.DispatcherServlet] FrameworkServlet 'dispatcherServlet': initialization completed in 11 ms
2018-06-11 23:52:14 [INFO]-[com.zsr.solid.SolidApplication] Starting SolidApplication on DESKTOP-EBJVN3A with PID 18272 (F:\github\solid\api\target\classes started by kevin in F:\github\solid\api)
2018-06-11 23:52:14 [INFO]-[com.zsr.solid.SolidApplication] The following profiles are active: dev
2018-06-11 23:52:14 [INFO]-[org.springframework.boot.context.embedded.AnnotationConfigEmbeddedWebApplicationContext] Refreshing org.springframework.boot.context.embedded.AnnotationConfigEmbeddedWebApplicationContext@8de4c65: startup date [Mon Jun 11 23:52:14 CST 2018]; root of context hierarchy
2018-06-11 23:52:14 [INFO]-[org.hibernate.validator.internal.util.Version] HV000001: Hibernate Validator 5.3.6.Final
2018-06-11 23:52:15 [INFO]-[org.springframework.boot.context.embedded.tomcat.TomcatEmbeddedServletContainer] Tomcat initialized with port(s): 8090 (http)
2018-06-11 23:52:15 [INFO]-[org.springframework.web.context.ContextLoader] Root WebApplicationContext: initialization completed in 1278 ms
2018-06-11 23:52:15 [INFO]-[org.springframework.boot.web.servlet.ServletRegistrationBean] Mapping servlet: 'dispatcherServlet' to [/]
2018-06-11 23:52:15 [INFO]-[org.springframework.boot.web.servlet.FilterRegistrationBean] Mapping filter: 'characterEncodingFilter' to: [/*]
2018-06-11 23:52:15 [INFO]-[org.springframework.boot.web.servlet.FilterRegistrationBean] Mapping filter: 'hiddenHttpMethodFilter' to: [/*]
2018-06-11 23:52:15 [INFO]-[org.springframework.boot.web.servlet.FilterRegistrationBean] Mapping filter: 'httpPutFormContentFilter' to: [/*]
2018-06-11 23:52:15 [INFO]-[org.springframework.boot.web.servlet.FilterRegistrationBean] Mapping filter: 'requestContextFilter' to: [/*]
2018-06-11 23:52:15 [INFO]-[org.springframework.boot.web.servlet.FilterRegistrationBean] Mapping filter: 'loginFilter' to urls: [/*]
2018-06-11 23:52:15 [INFO]-[org.springframework.boot.web.servlet.FilterRegistrationBean] Mapping filter: 'sentinel' to: [/*]
2018-06-11 23:52:16 [INFO]-[org.springframework.web.servlet.mvc.method.annotation.RequestMappingHandlerAdapter] Looking for @ControllerAdvice: org.springframework.boot.context.embedded.AnnotationConfigEmbeddedWebApplicationContext@8de4c65: startup date [Mon Jun 11 23:52:14 CST 2018]; root of context hierarchy
